#
------- NAME OF TOP 20 ROUTINES --------
#
expf64
logf32x
_IO_file_xsputn
_pthread_cleanup_push_defer
_pthread_cleanup_pop_restore
fscanf
__fprintf_chk
_IO_file_underflow
_IO_file_read
_IO_file_write
_IO_file_overflow
.plt.sec
mempcpy
strlen
rtld_malloc
__lll_lock_wait_private
__lll_unlock_wake_private
_dl_runtime_resolve_xsavec
__tunable_get_val
memmove
#
--------- TOP 20 LOADS THAT GENERATES MOST CACHE MISSES ---------
#
Name = _IO_vfscanf   Address = 7fc82e319b24   Misses = 72
Name = __GI___printf_fp_l   Address = 7fc82e30e6be   Misses = 71
Name = strcmp   Address = 0   Misses = 65
Name = dl_main   Address = 7fc84328e024   Misses = 58
Name = _dl_relocate_object   Address = 7fc8432815b4   Misses = 48
Name = _dl_map_object_from_fd   Address = 7fc843279500   Misses = 38
Name = _IO_vfprintf   Address = 7fc82e30b9fb   Misses = 37
Name = __GI_____strtof_l_internal   Address = 7fc82e2f94bd   Misses = 35
Name = .plt.sec   Address = 0   Misses = 31
Name = _dl_map_object_deps   Address = 7fc84327633a   Misses = 28
Name = do_lookup_x   Address = 7fc84327c300   Misses = 26
Name = f64xsubf128   Address = 0   Misses = 22
Name = _Z9bs_threadPv   Address = 401520   Misses = 20
Name = _dl_check_map_versions   Address = 7fc843285244   Misses = 17
Name = _int_free   Address = 7fc82e33d850   Misses = 17
Name = pthread_create   Address = 7fc82e6994ba   Misses = 17
Name = _dl_important_hwcaps   Address = 0   Misses = 16
Name = _dl_lookup_symbol_x   Address = 7fc84327ce44   Misses = 16
Name = main   Address = 0   Misses = 16
Name = _dl_map_object   Address = 7fc84327b514   Misses = 15
#
-------- TOP 20 STORES THAT GENERATES MOST CACHE MISSES --------
#
Name = dl_main   Address = 7fc84328e024   Misses = 41
Name = _IO_vfscanf   Address = 7fc82e319b24   Misses = 34
Name = __GI___printf_fp_l   Address = 7fc82e30e6be   Misses = 21
Name = main   Address = 400b00   Misses = 20
Name = _dl_relocate_object   Address = 7fc8432815b4   Misses = 19
Name =    Address = 0   Misses = 18
Name = _dl_map_object_from_fd   Address = 7fc843279500   Misses = 18
Name = _dl_important_hwcaps   Address = 7fc84328a144   Misses = 16
Name = __GI_____strtof_l_internal   Address = 7fc82e2f94bd   Misses = 16
Name = _IO_vfprintf   Address = 7fc82e30b9fb   Misses = 16
Name = _dl_map_object_deps   Address = 7fc84327633a   Misses = 14
Name = _dl_sort_maps   Address = 7fc843283d74   Misses = 14
Name = pthread_create   Address = 7fc82e6994ba   Misses = 14
Name = _dl_new_object   Address = 7fc84327efd4   Misses = 12
Name = _dl_map_object   Address = 7fc84327b514   Misses = 12
Name = _int_malloc   Address = 7fc82e33eb4e   Misses = 12
Name = sysmalloc   Address = 7fc82e33e2a0   Misses = 12
Name = do_lookup_x   Address = 7fc84327c300   Misses = 10
Name = __pthread_initialize_minimal   Address = 7fc82e697b24   Misses = 10
Name = update_usable.constprop.2   Address = 7fc8432873b9   Misses = 9
#
# DCACHE stats
#
# L1 Data Cache:
# Load-Hits:           1021930156  99.32%
# Load-Misses:            6998070   0.68%
# Load-Accesses:       1028928226 100.00%
# 
# Store-Hits:           347078109  99.85%
# Store-Misses:            513594   0.15%
# Store-Accesses:       347591703 100.00%
# 
# Total-Hits:          1369008265  99.45%
# Total-Misses:           7511664   0.55%
# Total-Accesses:      1376519929 100.00%

